[0.011s] Invoking command in '/home/vitor/my_bot_ws/my_bot_ws/build/my_bot': CMAKE_PREFIX_PATH=${CMAKE_PREFIX_PATH}:/opt/ros/jazzy DEBUGINFOD_URLS=https://debuginfod.ubuntu.com /usr/bin/cmake --build /home/vitor/my_bot_ws/my_bot_ws/build/my_bot -- -j16 -l16
[0.045s] Invoked command in '/home/vitor/my_bot_ws/my_bot_ws/build/my_bot' returned '0': CMAKE_PREFIX_PATH=${CMAKE_PREFIX_PATH}:/opt/ros/jazzy DEBUGINFOD_URLS=https://debuginfod.ubuntu.com /usr/bin/cmake --build /home/vitor/my_bot_ws/my_bot_ws/build/my_bot -- -j16 -l16
[0.054s] Invoking command in '/home/vitor/my_bot_ws/my_bot_ws/build/my_bot': CMAKE_PREFIX_PATH=${CMAKE_PREFIX_PATH}:/opt/ros/jazzy DEBUGINFOD_URLS=https://debuginfod.ubuntu.com /usr/bin/cmake --install /home/vitor/my_bot_ws/my_bot_ws/build/my_bot
[0.061s] -- Install configuration: ""
[0.061s] -- Execute custom install script
[0.062s] -- Up-to-date symlink: /home/vitor/my_bot_ws/my_bot_ws/install/my_bot/share/my_bot/config/empty.yaml
[0.062s] -- Symlinking: /home/vitor/my_bot_ws/my_bot_ws/install/my_bot/share/my_bot/config/mapper_params_online_async.yaml
[0.069s] -- Up-to-date symlink: /home/vitor/my_bot_ws/my_bot_ws/install/my_bot/share/my_bot/config/my_bot_urdf.rviz
[0.069s] -- Up-to-date symlink: /home/vitor/my_bot_ws/my_bot_ws/install/my_bot/share/my_bot/config/my_controllers.yaml
[0.069s] -- Up-to-date symlink: /home/vitor/my_bot_ws/my_bot_ws/install/my_bot/share/my_bot/description/camera.xacro
[0.069s] -- Up-to-date symlink: /home/vitor/my_bot_ws/my_bot_ws/install/my_bot/share/my_bot/description/imu.xacro
[0.069s] -- Up-to-date symlink: /home/vitor/my_bot_ws/my_bot_ws/install/my_bot/share/my_bot/description/inertial_macros.xacro
[0.069s] -- Symlinking: /home/vitor/my_bot_ws/my_bot_ws/install/my_bot/share/my_bot/description/lidar.xacro
[0.074s] -- Up-to-date symlink: /home/vitor/my_bot_ws/my_bot_ws/install/my_bot/share/my_bot/description/robot.urdf.xacro
[0.074s] -- Up-to-date symlink: /home/vitor/my_bot_ws/my_bot_ws/install/my_bot/share/my_bot/description/robot_core.xacro
[0.074s] -- Up-to-date symlink: /home/vitor/my_bot_ws/my_bot_ws/install/my_bot/share/my_bot/description/robot_description.urdf.xacro
[0.074s] -- Up-to-date symlink: /home/vitor/my_bot_ws/my_bot_ws/install/my_bot/share/my_bot/description/ros2_control.xacro
[0.075s] -- Up-to-date symlink: /home/vitor/my_bot_ws/my_bot_ws/install/my_bot/share/my_bot/description/sonar.xacro
[0.075s] -- Up-to-date symlink: /home/vitor/my_bot_ws/my_bot_ws/install/my_bot/share/my_bot/launch/display.launch.py
[0.075s] -- Up-to-date symlink: /home/vitor/my_bot_ws/my_bot_ws/install/my_bot/share/my_bot/launch/rsp.launch.py
[0.075s] -- Up-to-date symlink: /home/vitor/my_bot_ws/my_bot_ws/install/my_bot/share/my_bot/worlds/empty.world
[0.075s] -- Up-to-date symlink: /home/vitor/my_bot_ws/my_bot_ws/install/my_bot/share/ament_index/resource_index/package_run_dependencies/my_bot
[0.075s] -- Up-to-date symlink: /home/vitor/my_bot_ws/my_bot_ws/install/my_bot/share/ament_index/resource_index/parent_prefix_path/my_bot
[0.075s] -- Up-to-date symlink: /home/vitor/my_bot_ws/my_bot_ws/install/my_bot/share/my_bot/environment/ament_prefix_path.sh
[0.075s] -- Up-to-date symlink: /home/vitor/my_bot_ws/my_bot_ws/install/my_bot/share/my_bot/environment/ament_prefix_path.dsv
[0.075s] -- Up-to-date symlink: /home/vitor/my_bot_ws/my_bot_ws/install/my_bot/share/my_bot/environment/path.sh
[0.075s] -- Up-to-date symlink: /home/vitor/my_bot_ws/my_bot_ws/install/my_bot/share/my_bot/environment/path.dsv
[0.075s] -- Up-to-date symlink: /home/vitor/my_bot_ws/my_bot_ws/install/my_bot/share/my_bot/local_setup.bash
[0.076s] -- Up-to-date symlink: /home/vitor/my_bot_ws/my_bot_ws/install/my_bot/share/my_bot/local_setup.sh
[0.076s] -- Up-to-date symlink: /home/vitor/my_bot_ws/my_bot_ws/install/my_bot/share/my_bot/local_setup.zsh
[0.076s] -- Up-to-date symlink: /home/vitor/my_bot_ws/my_bot_ws/install/my_bot/share/my_bot/local_setup.dsv
[0.076s] -- Symlinking: /home/vitor/my_bot_ws/my_bot_ws/install/my_bot/share/my_bot/package.dsv
[0.082s] -- Up-to-date symlink: /home/vitor/my_bot_ws/my_bot_ws/install/my_bot/share/ament_index/resource_index/packages/my_bot
[0.082s] -- Up-to-date symlink: /home/vitor/my_bot_ws/my_bot_ws/install/my_bot/share/my_bot/cmake/my_botConfig.cmake
[0.082s] -- Up-to-date symlink: /home/vitor/my_bot_ws/my_bot_ws/install/my_bot/share/my_bot/cmake/my_botConfig-version.cmake
[0.082s] -- Up-to-date symlink: /home/vitor/my_bot_ws/my_bot_ws/install/my_bot/share/my_bot/package.xml
[0.083s] Invoked command in '/home/vitor/my_bot_ws/my_bot_ws/build/my_bot' returned '0': CMAKE_PREFIX_PATH=${CMAKE_PREFIX_PATH}:/opt/ros/jazzy DEBUGINFOD_URLS=https://debuginfod.ubuntu.com /usr/bin/cmake --install /home/vitor/my_bot_ws/my_bot_ws/build/my_bot
