[0.009s] Invoking command in '/home/vitor/my_bot_ws/my_bot_ws/build/my_bot': CMAKE_PREFIX_PATH=${CMAKE_PREFIX_PATH}:/opt/ros/jazzy DEBUGINFOD_URLS=https://debuginfod.ubuntu.com /usr/bin/cmake --build /home/vitor/my_bot_ws/my_bot_ws/build/my_bot -- -j16 -l16
[0.027s] -- Found ament_cmake: 2.5.4 (/opt/ros/jazzy/share/ament_cmake/cmake)
[0.173s] -- Override CMake install command with custom implementation using symlinks instead of copying resources
[0.177s] -- Found rclcpp: 28.1.10 (/opt/ros/jazzy/share/rclcpp/cmake)
[0.195s] -- Found rosidl_generator_c: 4.6.5 (/opt/ros/jazzy/share/rosidl_generator_c/cmake)
[0.200s] -- Found rosidl_generator_cpp: 4.6.5 (/opt/ros/jazzy/share/rosidl_generator_cpp/cmake)
[0.209s] -- Using all available rosidl_typesupport_c: rosidl_typesupport_fastrtps_c;rosidl_typesupport_introspection_c
[0.218s] -- Using all available rosidl_typesupport_cpp: rosidl_typesupport_fastrtps_cpp;rosidl_typesupport_introspection_cpp
[0.257s] -- Found rmw_implementation_cmake: 7.3.2 (/opt/ros/jazzy/share/rmw_implementation_cmake/cmake)
[0.258s] -- Found rmw_cyclonedds_cpp: 2.2.3 (/opt/ros/jazzy/share/rmw_cyclonedds_cpp/cmake)
[0.271s] -- Using RMW implementation 'rmw_cyclonedds_cpp' as default
[0.307s] -- Found std_msgs: 5.3.6 (/opt/ros/jazzy/share/std_msgs/cmake)
[0.316s] -- Found nav_msgs: 5.3.6 (/opt/ros/jazzy/share/nav_msgs/cmake)
[0.341s] -- Found tf2: 0.36.12 (/opt/ros/jazzy/share/tf2/cmake)
[0.345s] -- Found ament_lint_auto: 0.17.2 (/opt/ros/jazzy/share/ament_lint_auto/cmake)
[0.404s] -- Added test 'copyright' to check source files copyright and LICENSE
[0.412s] -- Added test 'cppcheck' to perform static code analysis on C / C++ code
[0.412s] -- Configured cppcheck include dirs: 
[0.412s] -- Configured cppcheck exclude dirs and/or files: 
[0.418s] -- Added test 'cpplint' to check C / C++ code against the Google style
[0.418s] -- Configured cpplint exclude dirs and/or files: 
[0.419s] -- Added test 'flake8' to check Python code syntax and style conventions
[0.419s] -- Configured 'flake8' exclude dirs and/or files: 
[0.421s] -- Added test 'lint_cmake' to check CMake code style
[0.422s] -- Added test 'pep257' to check Python code against some of the docstring style conventions in PEP 257
[0.428s] -- Added test 'uncrustify' to check C / C++ code style
[0.428s] -- Configured uncrustify additional arguments: 
[0.430s] -- Added test 'xmllint' to check XML markup files
[0.431s] -- Configuring done (0.4s)
[0.432s] [31mCMake Error at CMakeLists.txt:30 (add_executable):
[0.432s]   Cannot find source file:
[0.432s] 
[0.432s]     home/vitor/my_bot_ws/my_bot_ws/src/encoders_processing/encoder_to_odom.cpp
[0.432s] 
[0.432s]   Tried extensions .c .C .c++ .cc .cpp .cxx .cu .mpp .m .M .mm .ixx .cppm
[0.432s]   .ccm .cxxm .c++m .h .hh .h++ .hm .hpp .hxx .in .txx .f .F .for .f77 .f90
[0.432s]   .f95 .f03 .hip .ispc
[0.432s] 
[0.432s] [0m
[0.433s] [31mCMake Error at CMakeLists.txt:30 (add_executable):
[0.433s]   No SOURCES given to target: encoder_to_odom
[0.433s] 
[0.433s] [0m
[0.434s] [0mCMake Generate step failed.  Build files cannot be regenerated correctly.[0m
[0.438s] gmake: *** [Makefile:226: cmake_check_build_system] Error 1
[0.440s] Invoked command in '/home/vitor/my_bot_ws/my_bot_ws/build/my_bot' returned '2': CMAKE_PREFIX_PATH=${CMAKE_PREFIX_PATH}:/opt/ros/jazzy DEBUGINFOD_URLS=https://debuginfod.ubuntu.com /usr/bin/cmake --build /home/vitor/my_bot_ws/my_bot_ws/build/my_bot -- -j16 -l16
