[0.021s] Invoking command in '/home/vitor/my_bot_ws/my_bot_ws/build/my_bot': CMAKE_PREFIX_PATH=${CMAKE_PREFIX_PATH}:/opt/ros/jazzy DEBUGINFOD_URLS=https://debuginfod.ubuntu.com /usr/bin/cmake --build /home/vitor/my_bot_ws/my_bot_ws/build/my_bot -- -j16 -l16
[0.102s] Invoked command in '/home/vitor/my_bot_ws/my_bot_ws/build/my_bot' returned '0': CMAKE_PREFIX_PATH=${CMAKE_PREFIX_PATH}:/opt/ros/jazzy DEBUGINFOD_URLS=https://debuginfod.ubuntu.com /usr/bin/cmake --build /home/vitor/my_bot_ws/my_bot_ws/build/my_bot -- -j16 -l16
[0.124s] Invoking command in '/home/vitor/my_bot_ws/my_bot_ws/build/my_bot': CMAKE_PREFIX_PATH=${CMAKE_PREFIX_PATH}:/opt/ros/jazzy DEBUGINFOD_URLS=https://debuginfod.ubuntu.com /usr/bin/cmake --install /home/vitor/my_bot_ws/my_bot_ws/build/my_bot
[0.152s] -- Install configuration: ""
[0.153s] -- Execute custom install script
[0.155s] -- Up-to-date symlink: /home/vitor/my_bot_ws/my_bot_ws/install/my_bot/share/my_bot/config/empty.yaml
[0.156s] -- Up-to-date symlink: /home/vitor/my_bot_ws/my_bot_ws/install/my_bot/share/my_bot/config/my_bot_urdf.rviz
[0.156s] -- Up-to-date symlink: /home/vitor/my_bot_ws/my_bot_ws/install/my_bot/share/my_bot/description/inertial_macros.xacro
[0.157s] -- Up-to-date symlink: /home/vitor/my_bot_ws/my_bot_ws/install/my_bot/share/my_bot/description/robot.urdf.xacro
[0.158s] -- Up-to-date symlink: /home/vitor/my_bot_ws/my_bot_ws/install/my_bot/share/my_bot/launch/rsp.launch.py
[0.159s] -- Up-to-date symlink: /home/vitor/my_bot_ws/my_bot_ws/install/my_bot/share/my_bot/worlds/empty.world
[0.159s] -- Up-to-date symlink: /home/vitor/my_bot_ws/my_bot_ws/install/my_bot/share/ament_index/resource_index/package_run_dependencies/my_bot
[0.160s] -- Up-to-date symlink: /home/vitor/my_bot_ws/my_bot_ws/install/my_bot/share/ament_index/resource_index/parent_prefix_path/my_bot
[0.160s] -- Up-to-date symlink: /home/vitor/my_bot_ws/my_bot_ws/install/my_bot/share/my_bot/environment/ament_prefix_path.sh
[0.161s] -- Up-to-date symlink: /home/vitor/my_bot_ws/my_bot_ws/install/my_bot/share/my_bot/environment/ament_prefix_path.dsv
[0.161s] -- Up-to-date symlink: /home/vitor/my_bot_ws/my_bot_ws/install/my_bot/share/my_bot/environment/path.sh
[0.162s] -- Up-to-date symlink: /home/vitor/my_bot_ws/my_bot_ws/install/my_bot/share/my_bot/environment/path.dsv
[0.163s] -- Up-to-date symlink: /home/vitor/my_bot_ws/my_bot_ws/install/my_bot/share/my_bot/local_setup.bash
[0.163s] -- Up-to-date symlink: /home/vitor/my_bot_ws/my_bot_ws/install/my_bot/share/my_bot/local_setup.sh
[0.163s] -- Up-to-date symlink: /home/vitor/my_bot_ws/my_bot_ws/install/my_bot/share/my_bot/local_setup.zsh
[0.164s] -- Up-to-date symlink: /home/vitor/my_bot_ws/my_bot_ws/install/my_bot/share/my_bot/local_setup.dsv
[0.164s] -- Symlinking: /home/vitor/my_bot_ws/my_bot_ws/install/my_bot/share/my_bot/package.dsv
[0.185s] -- Up-to-date symlink: /home/vitor/my_bot_ws/my_bot_ws/install/my_bot/share/ament_index/resource_index/packages/my_bot
[0.185s] -- Up-to-date symlink: /home/vitor/my_bot_ws/my_bot_ws/install/my_bot/share/my_bot/cmake/my_botConfig.cmake
[0.185s] -- Up-to-date symlink: /home/vitor/my_bot_ws/my_bot_ws/install/my_bot/share/my_bot/cmake/my_botConfig-version.cmake
[0.186s] -- Up-to-date symlink: /home/vitor/my_bot_ws/my_bot_ws/install/my_bot/share/my_bot/package.xml
[0.191s] Invoked command in '/home/vitor/my_bot_ws/my_bot_ws/build/my_bot' returned '0': CMAKE_PREFIX_PATH=${CMAKE_PREFIX_PATH}:/opt/ros/jazzy DEBUGINFOD_URLS=https://debuginfod.ubuntu.com /usr/bin/cmake --install /home/vitor/my_bot_ws/my_bot_ws/build/my_bot
